<!--
  ~ Copyright 2009 Denys Pavlov, Igor Azarnyi
  ~
  ~    Licensed under the Apache License, Version 2.0 (the "License");
  ~    you may not use this file except in compliance with the License.
  ~    You may obtain a copy of the License at
  ~
  ~        http://www.apache.org/licenses/LICENSE-2.0
  ~
  ~    Unless required by applicable law or agreed to in writing, software
  ~    distributed under the License is distributed on an "AS IS" BASIS,
  ~    WITHOUT WARRANTIES OR CONDITIONS OF ANY KIND, either express or implied.
  ~    See the License for the specific language governing permissions and
  ~    limitations under the License.
  -->

<beans xmlns="http://www.springframework.org/schema/beans"
       xmlns:xsi="http://www.w3.org/2001/XMLSchema-instance"
       xmlns:context="http://www.springframework.org/schema/context"
       xmlns:aop="http://www.springframework.org/schema/aop"
       xsi:schemaLocation="http://www.springframework.org/schema/beans
                           http://www.springframework.org/schema/beans/spring-beans.xsd
                           http://www.springframework.org/schema/aop
                           http://www.springframework.org/schema/aop/spring-aop.xsd
                           http://www.springframework.org/schema/context
                           http://www.springframework.org/schema/context/spring-context.xsd">


    <aop:aspectj-autoproxy/>

    <context:annotation-config/>

    <import resource="classpath:payment-api.xml"/>

    <bean id="payDataSource" class="org.apache.commons.dbcp.BasicDataSource">
        <property name="driverClassName" value="org.hsqldb.jdbcDriver"/>
        <property name="url" value="jdbc:hsqldb:mem:testyespaydb"/>
        <property name="username" value="sa"/>
        <property name="password" value=""/>
        <property name="initialSize" value="5"/>
        <property name="maxActive" value="100"/>
        <property name="poolPreparedStatements" value="true"/>
        <property name="maxOpenPreparedStatements" value="100"/>
        <property name="defaultAutoCommit" value="true"/>
    </bean>



    <bean id="paySessionFactory" class="org.springframework.orm.hibernate4.LocalSessionFactoryBean">
        <property name="dataSource" ref="payDataSource"/>
        <property name="mappingResources">
            <list>
                <value>hibernate/ycp.xml</value>
            </list>
        </property>

        <property name="hibernateProperties">
            <props>
                <prop key="hibernate.show_sql">false</prop>
                <prop key="hibernate.dialect">org.hibernate.dialect.HSQLDialect</prop>
                <prop key="hibernate.hbm2ddl.auto">create</prop>
                <prop key="hibernate.connection.autocommit">true</prop>
                <!-- Disable hibernate search automatic support - no indexing for payments -->
                <prop key="hibernate.search.autoregister_listeners">false</prop>
                <prop key="hibernate.search.indexing_strategy">manual</prop>
            </props>
        </property>
        <property name="entityInterceptor">
            <bean class="org.yes.cart.payment.persistence.service.impl.AuditInterceptor"/>
        </property>
        
    </bean>


    <bean id="payTransactionManager" class="org.springframework.orm.hibernate4.HibernateTransactionManager">
        <property name="sessionFactory" ref="paySessionFactory"/>
    </bean>


</beans>